CompileCommand: exclude com/intellij/openapi/vfs/impl/FilePartNodeRoot.trieDescend bool exclude = true
2024-04-12 15:03:20,041 [     79]   WARN - #c.i.i.p.PluginManager - <resource-bundle>com.jetbrains.webstorm.WebstormBundle</resource-bundle> tag is found in an xml descriptor included into the platform part of the IDE but the platform part uses predefined bundles (e.g. ActionsBundle for actions) anyway; this tag must be replaced by a corresponding attribute in some inner tags (e.g. by 'resource-bundle' attribute in 'actions' tag)
2024-04-12 15:03:22,457 [   2495]   WARN - #c.i.s.ComponentManagerImpl - com.maddyhome.idea.vim.api.Options <clinit> requests com.maddyhome.idea.vim.api.SystemInfoService instance. Class initialization must not depend on services. Consider using instance of the service on-demand instead.
2024-04-12 15:03:25,154 [   5192]   WARN - #c.i.s.ComponentManagerImpl - com.intellij.ui.jcef.JBCefApp$Holder <clinit> requests com.intellij.ui.jcef.JBCefAppCache instance. Class initialization must not depend on services. Consider using instance of the service on-demand instead.

(java:8860): Gtk-WARNING **: 15:03:25.395: gtk_disable_setlocale() must be called before gtk_init()
2024-04-12 15:03:25,768 [   5806]   WARN - #c.i.s.ComponentManagerImpl - com.intellij.lang.javascript.JSMinifiedFileUtil <clinit> requests com.intellij.util.gist.GistManager instance. Class initialization must not depend on services. Consider using instance of the service on-demand instead.
2024-04-12 15:03:26,371 [   6409]   WARN - #c.i.i.s.i.StartupManagerImpl - Migrate Зӌ to ProjectActivity [Plugin: izhangzhihao.rainbow.brackets]
com.intellij.diagnostic.PluginException: Migrate Зӌ to ProjectActivity [Plugin: izhangzhihao.rainbow.brackets]
	at com.intellij.ide.startup.impl.StartupManagerImpl.runPostStartupActivities(StartupManagerImpl.kt:275)
	at com.intellij.ide.startup.impl.StartupManagerImpl.access$runPostStartupActivities(StartupManagerImpl.kt:68)
	at com.intellij.ide.startup.impl.StartupManagerImpl$runPostStartupActivities$3$2.invokeSuspend(StartupManagerImpl.kt:191)
	at com.intellij.ide.startup.impl.StartupManagerImpl$runPostStartupActivities$3$2.invoke(StartupManagerImpl.kt)
	at com.intellij.ide.startup.impl.StartupManagerImpl$runPostStartupActivities$3$2.invoke(StartupManagerImpl.kt)
	at kotlinx.coroutines.intrinsics.UndispatchedKt.startUndispatchedOrReturn(Undispatched.kt:78)
	at kotlinx.coroutines.BuildersKt__Builders_commonKt.withContext(Builders.common.kt:167)
	at kotlinx.coroutines.BuildersKt.withContext(Unknown Source)
	at com.intellij.ide.startup.impl.StartupManagerImpl$runPostStartupActivities$3.invokeSuspend(StartupManagerImpl.kt:190)
	at kotlin.coroutines.jvm.internal.BaseContinuationImpl.resumeWith(ContinuationImpl.kt:33)
	at kotlinx.coroutines.UndispatchedCoroutine.afterResume(CoroutineContext.kt:270)
	at kotlinx.coroutines.AbstractCoroutine.resumeWith(AbstractCoroutine.kt:102)
	at kotlin.coroutines.jvm.internal.BaseContinuationImpl.resumeWith(ContinuationImpl.kt:46)
	at kotlinx.coroutines.DispatchedTask.run(DispatchedTask.kt:108)
	at kotlinx.coroutines.scheduling.CoroutineScheduler.runSafely(CoroutineScheduler.kt:584)
	at kotlinx.coroutines.scheduling.CoroutineScheduler$Worker.executeTask(CoroutineScheduler.kt:793)
	at kotlinx.coroutines.scheduling.CoroutineScheduler$Worker.runWorker(CoroutineScheduler.kt:697)
	at kotlinx.coroutines.scheduling.CoroutineScheduler$Worker.run(CoroutineScheduler.kt:684)
2024-04-12 15:03:26,387 [   6425]   WARN - #c.i.i.s.i.StartupManagerImpl - Migrate ชὉ to ProjectActivity [Plugin: izhangzhihao.rainbow.brackets]
com.intellij.diagnostic.PluginException: Migrate ชὉ to ProjectActivity [Plugin: izhangzhihao.rainbow.brackets]
	at com.intellij.ide.startup.impl.StartupManagerImpl.runPostStartupActivities(StartupManagerImpl.kt:275)
	at com.intellij.ide.startup.impl.StartupManagerImpl.access$runPostStartupActivities(StartupManagerImpl.kt:68)
	at com.intellij.ide.startup.impl.StartupManagerImpl$runPostStartupActivities$3$2.invokeSuspend(StartupManagerImpl.kt:191)
	at com.intellij.ide.startup.impl.StartupManagerImpl$runPostStartupActivities$3$2.invoke(StartupManagerImpl.kt)
	at com.intellij.ide.startup.impl.StartupManagerImpl$runPostStartupActivities$3$2.invoke(StartupManagerImpl.kt)
	at kotlinx.coroutines.intrinsics.UndispatchedKt.startUndispatchedOrReturn(Undispatched.kt:78)
	at kotlinx.coroutines.BuildersKt__Builders_commonKt.withContext(Builders.common.kt:167)
	at kotlinx.coroutines.BuildersKt.withContext(Unknown Source)
	at com.intellij.ide.startup.impl.StartupManagerImpl$runPostStartupActivities$3.invokeSuspend(StartupManagerImpl.kt:190)
	at kotlin.coroutines.jvm.internal.BaseContinuationImpl.resumeWith(ContinuationImpl.kt:33)
	at kotlinx.coroutines.UndispatchedCoroutine.afterResume(CoroutineContext.kt:270)
	at kotlinx.coroutines.AbstractCoroutine.resumeWith(AbstractCoroutine.kt:102)
	at kotlin.coroutines.jvm.internal.BaseContinuationImpl.resumeWith(ContinuationImpl.kt:46)
	at kotlinx.coroutines.DispatchedTask.run(DispatchedTask.kt:108)
	at kotlinx.coroutines.scheduling.CoroutineScheduler.runSafely(CoroutineScheduler.kt:584)
	at kotlinx.coroutines.scheduling.CoroutineScheduler$Worker.executeTask(CoroutineScheduler.kt:793)
	at kotlinx.coroutines.scheduling.CoroutineScheduler$Worker.runWorker(CoroutineScheduler.kt:697)
	at kotlinx.coroutines.scheduling.CoroutineScheduler$Worker.run(CoroutineScheduler.kt:684)
2024-04-12 15:03:28,264 [   8302]   WARN - #c.i.s.ComponentManagerImpl - じబ <clinit> requests com.intellij.codeInsight.highlighting.FileTypeBraceMatcher instance. Class initialization must not depend on services. Consider using instance of the service on-demand instead.
2024-04-12 15:03:28,462 [   8500]   WARN - #c.i.o.a.ExperimentalFeatureImpl - Feature 'typescript.compiler.evaluation' is disabled in Release. Set 'percentOfUsers' to 100% to enable in Release.
2024-04-12 15:03:59,777 [  39815]   WARN - org.apache.velocity.deprecation - configuration key 'resource.loader' has been deprecated in favor of 'resource.loaders'
2024-04-12 15:03:59,779 [  39817]   WARN - org.apache.velocity.deprecation - configuration key 'includes.resource.loader.instance' has been deprecated in favor of 'resource.loader.includes.instance'
2024-04-12 15:03:59,861 [  39899]   WARN - #c.i.s.ComponentManagerImpl - com.maddyhome.idea.vim.helper.VimStandalonePluginUpdateChecker <clinit> requests com.maddyhome.idea.vim.helper.VimStandalonePluginUpdateChecker instance. Class initialization must not depend on services. Consider using instance of the service on-demand instead.
2024-04-12 15:11:20,561 [ 480599]   WARN - #c.i.u.x.Binding - No accessors for org.jetbrains.security.package.Package. This means that state class cannot be serialized properly. Please see https://jb.gg/ij-psoc
2024-04-13 14:27:23,558 [84243596]   WARN - #c.i.u.x.Binding - No accessors for com.intellij.toolWindow.ToolWindowLayoutStorageManagerState. This means that state class cannot be serialized properly. Please see https://jb.gg/ij-psoc
2024-04-13 14:45:25,153 [85325191]   WARN - #git4idea.annotate.GitAnnotationProvider - Git annotations are empty for file /home/jongdeug/Documents/Code/WebstormProjects/algorithm/challenge/programmers/조이스틱.js in revision ef69747d46c3c294e222167622bef70402a59de5
